OpenCabinetDrawer_1045_link_0-v0 - INFO - 2022-04-18 17:52:14 - Environment info:
------------------------------------------------------------
sys.platform: linux
Python: 3.8.10 (default, Jun  4 2021, 15:09:15) [GCC 7.5.0]
CUDA available: True
GPU 0,1,2,3,4,5,6,7: Tesla V100S-PCIE-32GB
CUDA_HOME: /usr/local/cuda
NVCC: Build cuda_11.2.r11.2/compiler.29618528_0
Num of GPUs: 8
GCC: gcc (Ubuntu 9.4.0-1ubuntu1~20.04.1) 9.4.0
PyTorch: 1.11.0
PyTorch compiling details: PyTorch built with:
  - GCC 7.3
  - C++ Version: 201402
  - Intel(R) oneAPI Math Kernel Library Version 2021.3-Product Build 20210617 for Intel(R) 64 architecture applications
  - Intel(R) MKL-DNN v2.5.2 (Git Hash a9302535553c73243c632ad3c4c80beec3d19a1e)
  - OpenMP 201511 (a.k.a. OpenMP 4.5)
  - LAPACK is enabled (usually provided by MKL)
  - NNPACK is enabled
  - CPU capability usage: AVX2
  - CUDA Runtime 11.3
  - NVCC architecture flags: -gencode;arch=compute_37,code=sm_37;-gencode;arch=compute_50,code=sm_50;-gencode;arch=compute_60,code=sm_60;-gencode;arch=compute_61,code=sm_61;-gencode;arch=compute_70,code=sm_70;-gencode;arch=compute_75,code=sm_75;-gencode;arch=compute_80,code=sm_80;-gencode;arch=compute_86,code=sm_86;-gencode;arch=compute_37,code=compute_37
  - CuDNN 8.2
  - Magma 2.5.2
  - Build settings: BLAS_INFO=mkl, BUILD_TYPE=Release, CUDA_VERSION=11.3, CUDNN_VERSION=8.2.0, CXX_COMPILER=/opt/rh/devtoolset-7/root/usr/bin/c++, CXX_FLAGS= -Wno-deprecated -fvisibility-inlines-hidden -DUSE_PTHREADPOOL -fopenmp -DNDEBUG -DUSE_KINETO -DUSE_FBGEMM -DUSE_QNNPACK -DUSE_PYTORCH_QNNPACK -DUSE_XNNPACK -DSYMBOLICATE_MOBILE_DEBUG_HANDLE -DEDGE_PROFILER_USE_KINETO -O2 -fPIC -Wno-narrowing -Wall -Wextra -Werror=return-type -Wno-missing-field-initializers -Wno-type-limits -Wno-array-bounds -Wno-unknown-pragmas -Wno-sign-compare -Wno-unused-parameter -Wno-unused-function -Wno-unused-result -Wno-unused-local-typedefs -Wno-strict-overflow -Wno-strict-aliasing -Wno-error=deprecated-declarations -Wno-stringop-overflow -Wno-psabi -Wno-error=pedantic -Wno-error=redundant-decls -Wno-error=old-style-cast -fdiagnostics-color=always -faligned-new -Wno-unused-but-set-variable -Wno-maybe-uninitialized -fno-math-errno -fno-trapping-math -Werror=format -Wno-stringop-overflow, LAPACK_INFO=mkl, PERF_WITH_AVX=1, PERF_WITH_AVX2=1, PERF_WITH_AVX512=1, TORCH_VERSION=1.11.0, USE_CUDA=ON, USE_CUDNN=ON, USE_EXCEPTION_PTR=1, USE_GFLAGS=OFF, USE_GLOG=OFF, USE_MKL=ON, USE_MKLDNN=OFF, USE_MPI=OFF, USE_NCCL=ON, USE_NNPACK=ON, USE_OPENMP=ON, USE_ROCM=OFF, 

TorchVision: 0.12.0
OpenCV: 4.5.3
mani_skill_learn: 1.0.0
------------------------------------------------------------

OpenCabinetDrawer_1045_link_0-v0 - INFO - 2022-04-18 17:52:14 - Config:
log_level = 'INFO'
stack_frame = 1
num_heads = 4
agent = dict(
    type='BC',
    batch_size=128,
    policy_cfg=dict(
        type='ContinuousPolicy',
        policy_head_cfg=dict(type='DeterministicHead', noise_std=1e-05),
        nn_cfg=dict(
            type='PointNetWithInstanceInfoV0',
            stack_frame=1,
            num_objs='num_objs',
            pcd_pn_cfg=dict(
                type='PointNetV0',
                conv_cfg=dict(
                    type='ConvMLP',
                    norm_cfg=None,
                    mlp_spec=['agent_shape + pcd_xyz_rgb_channel', 256, 256],
                    bias='auto',
                    inactivated_output=True,
                    conv_init_cfg=dict(type='xavier_init', gain=1, bias=0)),
                mlp_cfg=dict(
                    type='LinearMLP',
                    norm_cfg=None,
                    mlp_spec=[256, 256, 256],
                    bias='auto',
                    inactivated_output=True,
                    linear_init_cfg=dict(type='xavier_init', gain=1, bias=0)),
                subtract_mean_coords=True,
                max_mean_mix_aggregation=True),
            state_mlp_cfg=dict(
                type='LinearMLP',
                norm_cfg=None,
                mlp_spec=['agent_shape', 256, 256],
                bias='auto',
                inactivated_output=True,
                linear_init_cfg=dict(type='xavier_init', gain=1, bias=0)),
            transformer_cfg=dict(
                type='TransformerEncoder',
                block_cfg=dict(
                    attention_cfg=dict(
                        type='MultiHeadSelfAttention',
                        embed_dim=256,
                        num_heads=4,
                        latent_dim=32,
                        dropout=0.1),
                    mlp_cfg=dict(
                        type='LinearMLP',
                        norm_cfg=None,
                        mlp_spec=[256, 1024, 256],
                        bias='auto',
                        inactivated_output=True,
                        linear_init_cfg=dict(
                            type='xavier_init', gain=1, bias=0)),
                    dropout=0.1),
                pooling_cfg=dict(embed_dim=256, num_heads=4, latent_dim=32),
                mlp_cfg=None,
                num_blocks=6),
            final_mlp_cfg=dict(
                type='LinearMLP',
                norm_cfg=None,
                mlp_spec=[256, 256, 'action_shape'],
                bias='auto',
                inactivated_output=True,
                linear_init_cfg=dict(type='xavier_init', gain=1, bias=0))),
        optim_cfg=dict(type='Adam', lr=0.0003, weight_decay=5e-06)))
eval_cfg = dict(
    type='Evaluation',
    num=10,
    num_procs=1,
    use_hidden_state=False,
    start_state=None,
    save_traj=True,
    save_video=False,
    use_log=False,
    env_cfg=dict(
        type='gym',
        unwrapped=False,
        stack_frame=1,
        obs_mode='pointcloud',
        reward_type='dense',
        env_name='OpenCabinetDrawer_1045_link_0-v0'))
train_mfrl_cfg = dict(
    on_policy=False,
    total_steps=50000,
    warm_steps=0,
    n_steps=0,
    n_updates=500,
    n_eval=50000,
    n_checkpoint=50000,
    init_replay_buffers=
    './example_mani_skill_data/OpenCabinetDrawer_1045_link_0-v0_pcd.h5')
env_cfg = dict(
    type='gym',
    unwrapped=False,
    stack_frame=1,
    obs_mode='pointcloud',
    reward_type='dense',
    env_name='OpenCabinetDrawer_1045_link_0-v0')
replay_cfg = dict(type='ReplayMemory', capacity=1000000)
work_dir = './work_dirs/OpenCabinetDrawer_1045_link_0-v0/BC'

OpenCabinetDrawer_1045_link_0-v0 - INFO - 2022-04-18 17:52:14 - Set random seed to None
OpenCabinetDrawer_1045_link_0-v0 - INFO - 2022-04-18 17:52:15 - State shape:{'pointcloud': {'rgb': (1200, 3), 'xyz': (1200, 3), 'seg': (1200, 3)}, 'state': 38}, action shape:Box(-1.0, 1.0, (13,), float32)
